<?xml version="1.0" encoding="UTF-8"?>
<!-- Generated by org.testng.reporters.JUnitXMLReporter -->
<testsuite hostname="HP_Laptop" ignored="0" name="UstgDemoAppRegressionTest" tests="4" failures="1" timestamp="2020-08-18T15:53:16 IST" time="0.102" errors="0">
  <testcase name="demo01Test" time="0.012" classname="com.stackroute.automation.testng.DemoTestNG01"/>
  <testcase name="demo02Test" time="0.003" classname="com.stackroute.automation.testng.DemoTestNG01"/>
  <testcase name="demo01Test" time="0.002" classname="com.stackroute.automation.testng.DemoTestNG02">
    <failure type="java.lang.AssertionError">
      <![CDATA[java.lang.AssertionError
at org.junit.Assert.fail(Assert.java:86)
at org.junit.Assert.assertTrue(Assert.java:41)
at org.junit.Assert.assertTrue(Assert.java:52)
at com.stackroute.automation.testng.DemoTestNG02.demo01Test(DemoTestNG02.java:21)
at java.util.ArrayList.forEach(Unknown Source)
... Removed 27 stack frames]]>
    </failure>
  </testcase> <!-- demo01Test -->
  <testcase name="demo02Test" time="0.002" classname="com.stackroute.automation.testng.DemoTestNG02"/>
</testsuite> <!-- UstgDemoAppRegressionTest -->
